2020-03-13 15:56:45,990 INFO o.a.j.u.JMeterUtils: Setting Locale to en_EN
2020-03-13 15:56:46,001 INFO o.a.j.JMeter: Loading user properties from: user.properties
2020-03-13 15:56:46,001 INFO o.a.j.JMeter: Loading system properties from: system.properties
2020-03-13 15:56:46,006 INFO o.a.j.JMeter: Copyright (c) 1998-2018 The Apache Software Foundation
2020-03-13 15:56:46,006 INFO o.a.j.JMeter: Version 5.0 r1840935
2020-03-13 15:56:46,006 INFO o.a.j.JMeter: java.version=1.8.0_241
2020-03-13 15:56:46,006 INFO o.a.j.JMeter: java.vm.name=Java HotSpot(TM) 64-Bit Server VM
2020-03-13 15:56:46,006 INFO o.a.j.JMeter: os.name=Windows 10
2020-03-13 15:56:46,007 INFO o.a.j.JMeter: os.arch=amd64
2020-03-13 15:56:46,007 INFO o.a.j.JMeter: os.version=10.0
2020-03-13 15:56:46,007 INFO o.a.j.JMeter: file.encoding=Cp1252
2020-03-13 15:56:46,007 INFO o.a.j.JMeter: Max memory     =1073741824
2020-03-13 15:56:46,007 INFO o.a.j.JMeter: Available Processors =8
2020-03-13 15:56:46,010 INFO o.a.j.JMeter: Default Locale=English (EN)
2020-03-13 15:56:46,010 INFO o.a.j.JMeter: JMeter  Locale=English (EN)
2020-03-13 15:56:46,010 INFO o.a.j.JMeter: JMeterHome=C:\Users\sembhyh\Documents\Projects\CVL-Zenith\Zenith\PerformanceTesting\HGV.JMeter.UI.Tests\apache-jmeter-5.0
2020-03-13 15:56:46,010 INFO o.a.j.JMeter: user.dir  =C:\Users\sembhyh\Documents\Projects\CVL-Zenith\Zenith\PerformanceTesting\HGV.JMeter.UI.Tests\apache-jmeter-5.0\bin
2020-03-13 15:56:46,011 INFO o.a.j.JMeter: PWD       =C:\Users\sembhyh\Documents\Projects\CVL-Zenith\Zenith\PerformanceTesting\HGV.JMeter.UI.Tests\apache-jmeter-5.0\bin
2020-03-13 15:56:46,013 INFO o.a.j.JMeter: IP: 172.20.5.48 Name: ANS-433 FullName: ANS-433.upco.co.uk
2020-03-13 15:56:46,015 INFO o.a.j.JMeter: Setting property 'jmeter.reportgenerator.outputdir' to:'C:\Users\sembhyh\Documents\Projects\CVL-Zenith\Zenith\PerformanceTesting\HGV.JMeter.UI.Tests\LoadResults\LoadResultsHtml'
2020-03-13 15:56:46,017 INFO o.a.j.s.FileServer: Default base='C:\Users\sembhyh\Documents\Projects\CVL-Zenith\Zenith\PerformanceTesting\HGV.JMeter.UI.Tests\apache-jmeter-5.0\bin'
2020-03-13 15:56:46,021 INFO o.a.j.s.FileServer: Set new base='C:\Users\sembhyh\Documents\Projects\CVL-Zenith\Zenith\PerformanceTesting\HGV.JMeter.UI.Tests'
2020-03-13 15:56:46,136 INFO o.a.j.s.SaveService: Testplan (JMX) version: 2.2. Testlog (JTL) version: 2.2
2020-03-13 15:56:46,147 INFO o.a.j.s.SaveService: Using SaveService properties file encoding UTF-8
2020-03-13 15:56:46,151 INFO o.a.j.s.SaveService: Using SaveService properties version 5.0
2020-03-13 15:56:46,155 INFO o.a.j.s.SaveService: Loading file: C:\Users\sembhyh\Documents\Projects\CVL-Zenith\Zenith\PerformanceTesting\HGV.JMeter.UI.Tests\CompletedPage.jmx
2020-03-13 15:56:46,199 INFO o.a.j.p.h.s.HTTPSamplerBase: Parser for text/html is org.apache.jmeter.protocol.http.parser.LagartoBasedHtmlParser
2020-03-13 15:56:46,200 INFO o.a.j.p.h.s.HTTPSamplerBase: Parser for application/xhtml+xml is org.apache.jmeter.protocol.http.parser.LagartoBasedHtmlParser
2020-03-13 15:56:46,200 INFO o.a.j.p.h.s.HTTPSamplerBase: Parser for application/xml is org.apache.jmeter.protocol.http.parser.LagartoBasedHtmlParser
2020-03-13 15:56:46,200 INFO o.a.j.p.h.s.HTTPSamplerBase: Parser for text/xml is org.apache.jmeter.protocol.http.parser.LagartoBasedHtmlParser
2020-03-13 15:56:46,200 INFO o.a.j.p.h.s.HTTPSamplerBase: Parser for text/vnd.wap.wml is org.apache.jmeter.protocol.http.parser.RegexpHTMLParser
2020-03-13 15:56:46,200 INFO o.a.j.p.h.s.HTTPSamplerBase: Parser for text/css is org.apache.jmeter.protocol.http.parser.CssParser
2020-03-13 15:56:46,233 INFO o.a.j.JMeter: Creating summariser <summary>
2020-03-13 15:56:46,237 INFO o.a.j.r.d.ReportGenerator: ReportGenerator will use for Parsing the separator: ','
2020-03-13 15:56:46,237 INFO o.a.j.r.d.ReportGenerator: Will generate report at end of test from  results file: C:\Users\sembhyh\Documents\Projects\CVL-Zenith\Zenith\PerformanceTesting\HGV.JMeter.UI.Tests\LoadResults\testresults.csv
2020-03-13 15:56:46,237 INFO o.a.j.r.d.ReportGenerator: Reading report generator properties from: C:\Users\sembhyh\Documents\Projects\CVL-Zenith\Zenith\PerformanceTesting\HGV.JMeter.UI.Tests\apache-jmeter-5.0\bin\reportgenerator.properties
2020-03-13 15:56:46,238 INFO o.a.j.r.d.ReportGenerator: Merging with JMeter properties
2020-03-13 15:56:46,243 INFO o.a.j.r.c.ReportGeneratorConfiguration: Property 'jmeter.reportgenerator.temp_dir' not found, using default value 'temp' instead.
2020-03-13 15:56:46,246 INFO o.a.j.r.c.ReportGeneratorConfiguration: Property 'jmeter.reportgenerator.apdex_per_transaction' not found, using default value 'null' instead.
2020-03-13 15:56:46,246 INFO o.a.j.r.c.ReportGeneratorConfiguration: apdex_per_transaction : {} is empty, not APDEX per transaction customization
2020-03-13 15:56:46,246 INFO o.a.j.r.c.ReportGeneratorConfiguration: Property 'jmeter.reportgenerator.sample_filter' not found, using default value 'null' instead.
2020-03-13 15:56:46,246 INFO o.a.j.r.c.ReportGeneratorConfiguration: Property 'jmeter.reportgenerator.report_title' not found, using default value 'null' instead.
2020-03-13 15:56:46,246 INFO o.a.j.r.c.ReportGeneratorConfiguration: Property 'jmeter.reportgenerator.start_date' not found, using default value 'null' instead.
2020-03-13 15:56:46,246 INFO o.a.j.r.c.ReportGeneratorConfiguration: Property 'jmeter.reportgenerator.end_date' not found, using default value 'null' instead.
2020-03-13 15:56:46,246 INFO o.a.j.r.c.ReportGeneratorConfiguration: Property 'jmeter.reportgenerator.date_format' not found, using default value 'null' instead.
2020-03-13 15:56:46,247 INFO o.a.j.r.c.ReportGeneratorConfiguration: Will use date range start date: null, end date: null
2020-03-13 15:56:46,251 INFO o.a.j.r.c.ReportGeneratorConfiguration: Property 'jmeter.reportgenerator.graph.totalTPS.exclude_controllers' not found, using default value 'false' instead.
2020-03-13 15:56:46,251 INFO o.a.j.r.c.ReportGeneratorConfiguration: Property 'jmeter.reportgenerator.graph.activeThreadsOverTime.exclude_controllers' not found, using default value 'false' instead.
2020-03-13 15:56:46,252 INFO o.a.j.r.c.ReportGeneratorConfiguration: Property 'jmeter.reportgenerator.graph.timeVsThreads.exclude_controllers' not found, using default value 'false' instead.
2020-03-13 15:56:46,252 INFO o.a.j.r.c.ReportGeneratorConfiguration: Property 'jmeter.reportgenerator.graph.responseTimeDistribution.exclude_controllers' not found, using default value 'false' instead.
2020-03-13 15:56:46,252 INFO o.a.j.r.c.ReportGeneratorConfiguration: Property 'jmeter.reportgenerator.graph.transactionsPerSecond.exclude_controllers' not found, using default value 'false' instead.
2020-03-13 15:56:46,252 INFO o.a.j.r.c.ReportGeneratorConfiguration: Property 'jmeter.reportgenerator.graph.responseTimePercentiles.exclude_controllers' not found, using default value 'false' instead.
2020-03-13 15:56:46,252 INFO o.a.j.r.c.ReportGeneratorConfiguration: Property 'jmeter.reportgenerator.graph.responseTimePercentilesOverTime.exclude_controllers' not found, using default value 'false' instead.
2020-03-13 15:56:46,252 INFO o.a.j.r.c.ReportGeneratorConfiguration: Property 'jmeter.reportgenerator.graph.responseTimesOverTime.exclude_controllers' not found, using default value 'false' instead.
2020-03-13 15:56:46,253 INFO o.a.j.r.c.ReportGeneratorConfiguration: Property 'jmeter.reportgenerator.graph.connectTimeOverTime.exclude_controllers' not found, using default value 'false' instead.
2020-03-13 15:56:46,253 INFO o.a.j.r.c.ReportGeneratorConfiguration: Property 'jmeter.reportgenerator.graph.latenciesOverTime.exclude_controllers' not found, using default value 'false' instead.
2020-03-13 15:56:46,254 INFO o.a.j.r.c.ReportGeneratorConfiguration: Property 'jmeter.reportgenerator.exporter.html.filters_only_sample_series' not found, using default value 'true' instead.
2020-03-13 15:56:46,254 INFO o.a.j.r.c.ReportGeneratorConfiguration: Property 'jmeter.reportgenerator.exporter.html.series_filter' not found, using default value '' instead.
2020-03-13 15:56:46,254 INFO o.a.j.r.c.ReportGeneratorConfiguration: Property 'jmeter.reportgenerator.exporter.html.show_controllers_only' not found, using default value 'false' instead.
2020-03-13 15:56:46,259 INFO o.a.j.e.StandardJMeterEngine: Running the test!
2020-03-13 15:56:46,263 INFO o.a.j.s.SampleEvent: List of sample_variables: []
2020-03-13 15:56:46,263 INFO o.a.j.s.SampleEvent: List of sample_variables: []
2020-03-13 15:56:46,268 INFO o.a.j.e.u.CompoundVariable: Note: Function class names must contain the string: '.functions.'
2020-03-13 15:56:46,268 INFO o.a.j.e.u.CompoundVariable: Note: Function class names must not contain the string: '.gui.'
2020-03-13 15:56:46,588 INFO o.a.j.JMeter: Running test (1584115006588)
2020-03-13 15:56:46,613 INFO o.a.j.e.StandardJMeterEngine: Starting ThreadGroup: 1 : ViewingCompletedPage
2020-03-13 15:56:46,614 INFO o.a.j.e.StandardJMeterEngine: Starting 20 threads for group ViewingCompletedPage.
2020-03-13 15:56:46,614 INFO o.a.j.e.StandardJMeterEngine: Thread will continue on error
2020-03-13 15:56:46,614 INFO k.a.j.t.AbstractSimpleThreadGroup: Starting thread group number 1 threads 20
2020-03-13 15:56:46,623 INFO o.a.j.s.SampleResult: Note: Sample TimeStamps are START times
2020-03-13 15:56:46,623 INFO o.a.j.s.SampleResult: sampleresult.default.encoding is set to ISO-8859-1
2020-03-13 15:56:46,623 INFO o.a.j.s.SampleResult: sampleresult.useNanoTime=true
2020-03-13 15:56:46,623 INFO o.a.j.s.SampleResult: sampleresult.nanoThreadSleep=5000
2020-03-13 15:56:46,631 INFO k.a.j.t.AbstractSimpleThreadGroup: Started thread group number 1
2020-03-13 15:56:46,631 INFO o.a.j.e.StandardJMeterEngine: All thread groups have been started
2020-03-13 15:56:52,615 INFO o.a.j.t.JMeterThread: Thread started: ViewingCompletedPage 1-10
2020-03-13 15:56:52,629 INFO o.a.j.p.h.s.HTTPHCAbstractImpl: Local host = ANS-433
2020-03-13 15:56:52,634 INFO o.a.j.p.h.s.HTTPHC4Impl: HTTP request retry count = 0
2020-03-13 15:56:53,614 INFO o.a.j.t.JMeterThread: Thread started: ViewingCompletedPage 1-9
2020-03-13 15:56:54,614 INFO o.a.j.t.JMeterThread: Thread started: ViewingCompletedPage 1-8
2020-03-13 15:56:55,615 INFO o.a.j.t.JMeterThread: Thread started: ViewingCompletedPage 1-7
2020-03-13 15:56:56,614 INFO o.a.j.t.JMeterThread: Thread started: ViewingCompletedPage 1-6
2020-03-13 15:56:56,658 INFO o.a.j.u.JsseSSLManager: Using default SSL protocol: TLS
2020-03-13 15:56:56,658 INFO o.a.j.u.JsseSSLManager: SSL session context: per-thread
2020-03-13 15:56:57,615 INFO o.a.j.t.JMeterThread: Thread started: ViewingCompletedPage 1-5
2020-03-13 15:56:58,614 INFO o.a.j.t.JMeterThread: Thread started: ViewingCompletedPage 1-4
2020-03-13 15:56:59,615 INFO o.a.j.t.JMeterThread: Thread started: ViewingCompletedPage 1-3
2020-03-13 15:57:00,615 INFO o.a.j.t.JMeterThread: Thread started: ViewingCompletedPage 1-2
2020-03-13 15:57:01,614 INFO o.a.j.t.JMeterThread: Thread started: ViewingCompletedPage 1-1
2020-03-13 15:57:09,115 INFO o.a.j.t.JMeterThread: Thread started: ViewingCompletedPage 1-20
2020-03-13 15:57:11,614 INFO o.a.j.t.JMeterThread: Thread started: ViewingCompletedPage 1-19
2020-03-13 15:57:14,115 INFO o.a.j.t.JMeterThread: Thread started: ViewingCompletedPage 1-18
2020-03-13 15:57:16,614 INFO o.a.j.t.JMeterThread: Thread started: ViewingCompletedPage 1-17
2020-03-13 15:57:18,555 INFO o.a.j.t.JMeterThread: Stopping because end time detected by thread: ViewingCompletedPage 1-10
2020-03-13 15:57:18,555 INFO o.a.j.t.JMeterThread: Thread finished: ViewingCompletedPage 1-10
2020-03-13 15:57:19,114 INFO o.a.j.t.JMeterThread: Thread started: ViewingCompletedPage 1-16
2020-03-13 15:57:19,694 INFO o.a.j.t.JMeterThread: Stopping because end time detected by thread: ViewingCompletedPage 1-9
2020-03-13 15:57:19,694 INFO o.a.j.t.JMeterThread: Thread finished: ViewingCompletedPage 1-9
2020-03-13 15:57:21,615 INFO o.a.j.t.JMeterThread: Thread started: ViewingCompletedPage 1-15
2020-03-13 15:57:22,735 INFO o.a.j.t.JMeterThread: Stopping because end time detected by thread: ViewingCompletedPage 1-7
2020-03-13 15:57:22,735 INFO o.a.j.t.JMeterThread: Thread finished: ViewingCompletedPage 1-7
2020-03-13 15:57:24,115 INFO o.a.j.t.JMeterThread: Thread started: ViewingCompletedPage 1-14
2020-03-13 15:57:24,680 INFO o.a.j.t.JMeterThread: Stopping because end time detected by thread: ViewingCompletedPage 1-6
2020-03-13 15:57:24,680 INFO o.a.j.t.JMeterThread: Thread finished: ViewingCompletedPage 1-6
2020-03-13 15:57:26,615 INFO o.a.j.t.JMeterThread: Thread started: ViewingCompletedPage 1-13
2020-03-13 15:57:28,870 INFO o.a.j.t.JMeterThread: Stopping because end time detected by thread: ViewingCompletedPage 1-3
2020-03-13 15:57:28,871 INFO o.a.j.t.JMeterThread: Thread finished: ViewingCompletedPage 1-3
2020-03-13 15:57:29,114 INFO o.a.j.t.JMeterThread: Thread started: ViewingCompletedPage 1-12
2020-03-13 15:57:29,512 INFO o.a.j.t.JMeterThread: Stopping because end time detected by thread: ViewingCompletedPage 1-8
2020-03-13 15:57:29,512 INFO o.a.j.t.JMeterThread: Thread finished: ViewingCompletedPage 1-8
2020-03-13 15:57:30,843 INFO o.a.j.t.JMeterThread: Stopping because end time detected by thread: ViewingCompletedPage 1-2
2020-03-13 15:57:30,844 INFO o.a.j.r.Summariser: summary +      7 in 00:00:44 =    0.2/s Avg:  5491 Min:  1824 Max: 12422 Err:     2 (28.57%) Active: 13 Started: 19 Finished: 6
2020-03-13 15:57:30,844 INFO o.a.j.t.JMeterThread: Thread finished: ViewingCompletedPage 1-2
2020-03-13 15:57:30,859 INFO o.a.j.t.JMeterThread: Stopping because end time detected by thread: ViewingCompletedPage 1-5
2020-03-13 15:57:30,859 INFO o.a.j.t.JMeterThread: Thread finished: ViewingCompletedPage 1-5
2020-03-13 15:57:31,614 INFO o.a.j.t.JMeterThread: Thread started: ViewingCompletedPage 1-11
2020-03-13 15:57:33,140 INFO o.a.j.t.JMeterThread: Stopping because end time detected by thread: ViewingCompletedPage 1-1
2020-03-13 15:57:33,141 INFO o.a.j.t.JMeterThread: Thread finished: ViewingCompletedPage 1-1
2020-03-13 15:57:33,161 INFO o.a.j.t.JMeterThread: Stopping because end time detected by thread: ViewingCompletedPage 1-4
2020-03-13 15:57:33,161 INFO o.a.j.t.JMeterThread: Thread finished: ViewingCompletedPage 1-4
2020-03-13 15:57:52,779 INFO o.a.j.t.JMeterThread: Stopping because end time detected by thread: ViewingCompletedPage 1-18
2020-03-13 15:57:52,779 INFO o.a.j.t.JMeterThread: Thread finished: ViewingCompletedPage 1-18
2020-03-13 15:57:52,808 INFO o.a.j.t.JMeterThread: Stopping because end time detected by thread: ViewingCompletedPage 1-17
2020-03-13 15:57:52,808 INFO o.a.j.t.JMeterThread: Thread finished: ViewingCompletedPage 1-17
2020-03-13 15:57:55,979 INFO o.a.j.t.JMeterThread: Stopping because end time detected by thread: ViewingCompletedPage 1-15
2020-03-13 15:57:55,979 INFO o.a.j.t.JMeterThread: Thread finished: ViewingCompletedPage 1-15
2020-03-13 15:57:56,151 INFO o.a.j.t.JMeterThread: Stopping because end time detected by thread: ViewingCompletedPage 1-19
2020-03-13 15:57:56,151 INFO o.a.j.t.JMeterThread: Thread finished: ViewingCompletedPage 1-19
2020-03-13 15:57:58,171 INFO o.a.j.t.JMeterThread: Stopping because end time detected by thread: ViewingCompletedPage 1-14
2020-03-13 15:57:58,171 INFO o.a.j.t.JMeterThread: Thread finished: ViewingCompletedPage 1-14
2020-03-13 15:57:58,387 INFO o.a.j.t.JMeterThread: Stopping because end time detected by thread: ViewingCompletedPage 1-20
2020-03-13 15:57:58,387 INFO o.a.j.t.JMeterThread: Thread finished: ViewingCompletedPage 1-20
2020-03-13 15:57:59,326 INFO o.a.j.t.JMeterThread: Stopping because end time detected by thread: ViewingCompletedPage 1-16
2020-03-13 15:57:59,326 INFO o.a.j.t.JMeterThread: Thread finished: ViewingCompletedPage 1-16
2020-03-13 15:58:00,317 INFO o.a.j.t.JMeterThread: Stopping because end time detected by thread: ViewingCompletedPage 1-12
2020-03-13 15:58:00,318 INFO o.a.j.r.Summariser: summary +     11 in 00:00:29 =    0.4/s Avg:  4702 Min:  1181 Max: 11482 Err:     3 (27.27%) Active: 3 Started: 20 Finished: 17
2020-03-13 15:58:00,318 INFO o.a.j.r.Summariser: summary =     18 in 00:01:14 =    0.2/s Avg:  5009 Min:  1181 Max: 12422 Err:     5 (27.78%)
2020-03-13 15:58:00,319 INFO o.a.j.t.JMeterThread: Thread finished: ViewingCompletedPage 1-12
2020-03-13 15:58:00,325 INFO o.a.j.t.JMeterThread: Stopping because end time detected by thread: ViewingCompletedPage 1-13
2020-03-13 15:58:00,325 INFO o.a.j.t.JMeterThread: Thread finished: ViewingCompletedPage 1-13
2020-03-13 15:58:02,331 INFO o.a.j.t.JMeterThread: Stopping because end time detected by thread: ViewingCompletedPage 1-11
2020-03-13 15:58:02,331 INFO o.a.j.t.JMeterThread: Thread finished: ViewingCompletedPage 1-11
2020-03-13 15:58:02,331 INFO o.a.j.e.StandardJMeterEngine: Notifying test listeners of end of test
2020-03-13 15:58:02,332 INFO o.a.j.r.Summariser: summary +      2 in 00:00:02 =    1.0/s Avg:  3359 Min:  1057 Max:  5661 Err:     0 (0.00%) Active: 0 Started: 20 Finished: 20
2020-03-13 15:58:02,333 INFO o.a.j.r.Summariser: summary =     20 in 00:01:16 =    0.3/s Avg:  4844 Min:  1057 Max: 12422 Err:     5 (25.00%)
2020-03-13 15:58:02,334 INFO o.a.j.JMeter: Generating Dashboard
2020-03-13 15:58:02,334 INFO o.a.j.r.d.ReportGenerator: Flushing result collector before report Generation
2020-03-13 15:58:02,343 INFO o.a.j.r.p.NormalizerSampleConsumer: Using format, 'ms', to parse timeStamp field
2020-03-13 15:58:02,818 INFO o.a.j.r.p.AbstractSampleConsumer: class org.apache.jmeter.report.processor.AggregateConsumer#stopProducing(): beginDate produced 0 samples
2020-03-13 15:58:02,818 INFO o.a.j.r.p.AbstractSampleConsumer: class org.apache.jmeter.report.processor.AggregateConsumer#stopProducing(): endDate produced 0 samples
2020-03-13 15:58:02,820 INFO o.a.j.r.p.AbstractSampleConsumer: class org.apache.jmeter.report.processor.ApdexSummaryConsumer#stopProducing(): apdexSummary produced 0 samples
2020-03-13 15:58:02,820 INFO o.a.j.r.p.AbstractSampleConsumer: class org.apache.jmeter.report.processor.RequestsSummaryConsumer#stopProducing(): requestsSummary produced 0 samples
2020-03-13 15:58:02,826 INFO o.a.j.r.p.AbstractSampleConsumer: class org.apache.jmeter.report.processor.StatisticsSummaryConsumer#stopProducing(): statisticsSummary produced 0 samples
2020-03-13 15:58:02,830 INFO o.a.j.r.p.AbstractSampleConsumer: class org.apache.jmeter.report.processor.Top5ErrorsBySamplerConsumer#stopProducing(): top5ErrorsBySampler produced 0 samples
2020-03-13 15:58:02,830 INFO o.a.j.r.p.AbstractSampleConsumer: class org.apache.jmeter.report.processor.ErrorsSummaryConsumer#stopProducing(): errorsSummary produced 0 samples
2020-03-13 15:58:02,830 INFO o.a.j.r.p.AbstractSampleConsumer: class org.apache.jmeter.report.processor.graph.impl.HitsPerSecondGraphConsumer#stopProducing(): hitsPerSecond produced 0 samples
2020-03-13 15:58:02,846 INFO o.a.j.r.p.AbstractSampleConsumer: class org.apache.jmeter.report.processor.graph.impl.LatencyVSRequestGraphConsumer#stopProducing(): latencyVsRequest produced 0 samples
2020-03-13 15:58:02,847 INFO o.a.j.r.p.AbstractSampleConsumer: class org.apache.jmeter.report.processor.graph.impl.SyntheticResponseTimeDistributionGraphConsumer#stopProducing(): syntheticResponseTimeDistribution produced 0 samples
2020-03-13 15:58:02,847 INFO o.a.j.r.p.AbstractSampleConsumer: class org.apache.jmeter.report.processor.graph.impl.BytesThroughputGraphConsumer#stopProducing(): bytesThroughputOverTime produced 0 samples
2020-03-13 15:58:02,847 INFO o.a.j.r.p.AbstractSampleConsumer: class org.apache.jmeter.report.processor.graph.impl.CodesPerSecondGraphConsumer#stopProducing(): codesPerSecond produced 0 samples
2020-03-13 15:58:02,856 INFO o.a.j.r.p.AbstractSampleConsumer: class org.apache.jmeter.report.processor.graph.impl.ResponseTimeVSRequestGraphConsumer#stopProducing(): responseTimeVsRequest produced 0 samples
2020-03-13 15:58:02,856 INFO o.a.j.r.p.AbstractSampleConsumer: class org.apache.jmeter.report.processor.FilterConsumer#stopProducing(): startIntervalControlerFilter produced 1512 samples
2020-03-13 15:58:02,857 INFO o.a.j.r.p.AbstractSampleConsumer: class org.apache.jmeter.report.processor.graph.impl.TotalTPSGraphConsumer#stopProducing(): totalTPS produced 0 samples
2020-03-13 15:58:02,857 INFO o.a.j.r.p.AbstractSampleConsumer: class org.apache.jmeter.report.processor.graph.impl.ActiveThreadsGraphConsumer#stopProducing(): activeThreadsOverTime produced 0 samples
2020-03-13 15:58:02,857 INFO o.a.j.r.p.AbstractSampleConsumer: class org.apache.jmeter.report.processor.graph.impl.TimeVSThreadGraphConsumer#stopProducing(): timeVsThreads produced 0 samples
2020-03-13 15:58:02,857 INFO o.a.j.r.p.AbstractSampleConsumer: class org.apache.jmeter.report.processor.graph.impl.ResponseTimeDistributionGraphConsumer#stopProducing(): responseTimeDistribution produced 0 samples
2020-03-13 15:58:02,858 INFO o.a.j.r.p.AbstractSampleConsumer: class org.apache.jmeter.report.processor.graph.impl.TransactionsPerSecondGraphConsumer#stopProducing(): transactionsPerSecond produced 0 samples
2020-03-13 15:58:02,858 INFO o.a.j.r.p.AbstractSampleConsumer: class org.apache.jmeter.report.processor.graph.impl.ResponseTimePercentilesGraphConsumer#stopProducing(): responseTimePercentiles produced 0 samples
2020-03-13 15:58:02,861 INFO o.a.j.r.p.AbstractSampleConsumer: class org.apache.jmeter.report.processor.graph.impl.ResponseTimePercentilesOverTimeGraphConsumer#stopProducing(): responseTimePercentilesOverTime produced 0 samples
2020-03-13 15:58:02,861 INFO o.a.j.r.p.AbstractSampleConsumer: class org.apache.jmeter.report.processor.graph.impl.ResponseTimeOverTimeGraphConsumer#stopProducing(): responseTimesOverTime produced 0 samples
2020-03-13 15:58:02,861 INFO o.a.j.r.p.AbstractSampleConsumer: class org.apache.jmeter.report.processor.graph.impl.ConnectTimeOverTimeGraphConsumer#stopProducing(): connectTimeOverTime produced 0 samples
2020-03-13 15:58:02,862 INFO o.a.j.r.p.AbstractSampleConsumer: class org.apache.jmeter.report.processor.graph.impl.LatencyOverTimeGraphConsumer#stopProducing(): latenciesOverTime produced 0 samples
2020-03-13 15:58:02,862 INFO o.a.j.r.p.AbstractSampleConsumer: class org.apache.jmeter.report.processor.FilterConsumer#stopProducing(): nameFilter produced 5880 samples
2020-03-13 15:58:02,862 INFO o.a.j.r.p.AbstractSampleConsumer: class org.apache.jmeter.report.processor.FilterConsumer#stopProducing(): dateRangeFilter produced 1176 samples
2020-03-13 15:58:02,862 INFO o.a.j.r.p.AbstractSampleConsumer: class org.apache.jmeter.report.processor.NormalizerSampleConsumer#stopProducing(): normalizer produced 392 samples
2020-03-13 15:58:02,862 INFO o.a.j.r.p.CsvFileSampleSource: produce(): 392 samples produced in 497ms on channel 0
2020-03-13 15:58:02,862 INFO o.a.j.r.d.ReportGenerator: Exporting data using exporter:'html' of className:'org.apache.jmeter.report.dashboard.HtmlTemplateExporter'
2020-03-13 15:58:02,865 INFO o.a.j.r.d.HtmlTemplateExporter: Will generate dashboard in folder: C:\Users\sembhyh\Documents\Projects\CVL-Zenith\Zenith\PerformanceTesting\HGV.JMeter.UI.Tests\LoadResults\LoadResultsHtml
2020-03-13 15:58:02,941 INFO o.a.j.r.d.HtmlTemplateExporter: Report will be generated in: C:\Users\sembhyh\Documents\Projects\CVL-Zenith\Zenith\PerformanceTesting\HGV.JMeter.UI.Tests\LoadResults\LoadResultsHtml, creating folder structure
2020-03-13 15:58:03,466 INFO o.a.j.JMeter: Dashboard generated
