2020-03-12 11:56:07,968 INFO o.a.j.u.JMeterUtils: Setting Locale to en_GB
2020-03-12 11:56:07,986 INFO o.a.j.JMeter: Loading user properties from: user.properties
2020-03-12 11:56:07,987 INFO o.a.j.JMeter: Loading system properties from: system.properties
2020-03-12 11:56:07,993 INFO o.a.j.JMeter: Copyright (c) 1998-2019 The Apache Software Foundation
2020-03-12 11:56:07,994 INFO o.a.j.JMeter: Version 5.1.1 r1855137
2020-03-12 11:56:07,994 INFO o.a.j.JMeter: java.version=11.0.2
2020-03-12 11:56:07,994 INFO o.a.j.JMeter: java.vm.name=Java HotSpot(TM) 64-Bit Server VM
2020-03-12 11:56:07,994 INFO o.a.j.JMeter: os.name=Windows 10
2020-03-12 11:56:07,994 INFO o.a.j.JMeter: os.arch=amd64
2020-03-12 11:56:07,994 INFO o.a.j.JMeter: os.version=10.0
2020-03-12 11:56:07,994 INFO o.a.j.JMeter: file.encoding=Cp1252
2020-03-12 11:56:07,994 INFO o.a.j.JMeter: java.awt.headless=null
2020-03-12 11:56:07,995 INFO o.a.j.JMeter: Max memory     =4246732800
2020-03-12 11:56:07,995 INFO o.a.j.JMeter: Available Processors =8
2020-03-12 11:56:08,005 INFO o.a.j.JMeter: Default Locale=English (United Kingdom)
2020-03-12 11:56:08,005 INFO o.a.j.JMeter: JMeter  Locale=English (United Kingdom)
2020-03-12 11:56:08,005 INFO o.a.j.JMeter: JMeterHome=C:\Users\sembhyh\Documents\Projects\CVL-Zenith\Zenith\Performance Testing\apache-jmeter-5.1.1\apache-jmeter-5.1.1
2020-03-12 11:56:08,005 INFO o.a.j.JMeter: user.dir  =C:\Users\sembhyh\Documents\Projects\CVL-Zenith\Zenith\Performance Testing\apache-jmeter-5.1.1\apache-jmeter-5.1.1\bin
2020-03-12 11:56:08,005 INFO o.a.j.JMeter: PWD       =C:\Users\sembhyh\Documents\Projects\CVL-Zenith\Zenith\Performance Testing\apache-jmeter-5.1.1\apache-jmeter-5.1.1\bin
2020-03-12 11:56:08,008 INFO o.a.j.JMeter: IP: 10.209.12.201 Name: ANS-433 FullName: ANS-433.upco.co.uk
2020-03-12 11:56:08,197 INFO o.a.j.g.a.LookAndFeelCommand: Installing Darcula LAF
2020-03-12 11:56:08,204 INFO o.a.j.g.a.LookAndFeelCommand: Using look and feel: com.bulenkov.darcula.DarculaLaf [Darcula]
2020-03-12 11:56:08,204 INFO o.a.j.JMeter: Setting LAF to: com.bulenkov.darcula.DarculaLaf
2020-03-12 11:56:08,259 INFO o.a.j.JMeter: Loaded icon properties from org/apache/jmeter/images/icon.properties
2020-03-12 11:56:09,418 INFO o.a.j.p.h.s.HTTPSamplerBase: Parser for text/html is org.apache.jmeter.protocol.http.parser.LagartoBasedHtmlParser
2020-03-12 11:56:09,418 INFO o.a.j.p.h.s.HTTPSamplerBase: Parser for application/xhtml+xml is org.apache.jmeter.protocol.http.parser.LagartoBasedHtmlParser
2020-03-12 11:56:09,418 INFO o.a.j.p.h.s.HTTPSamplerBase: Parser for application/xml is org.apache.jmeter.protocol.http.parser.LagartoBasedHtmlParser
2020-03-12 11:56:09,419 INFO o.a.j.p.h.s.HTTPSamplerBase: Parser for text/xml is org.apache.jmeter.protocol.http.parser.LagartoBasedHtmlParser
2020-03-12 11:56:09,419 INFO o.a.j.p.h.s.HTTPSamplerBase: Parser for text/vnd.wap.wml is org.apache.jmeter.protocol.http.parser.RegexpHTMLParser
2020-03-12 11:56:09,419 INFO o.a.j.p.h.s.HTTPSamplerBase: Parser for text/css is org.apache.jmeter.protocol.http.parser.CssParser
2020-03-12 11:56:09,773 INFO o.a.j.e.KeyToolUtils: keytool found at 'keytool'
2020-03-12 11:56:09,773 INFO o.a.j.p.h.p.ProxyControl: HTTP(S) Test Script Recorder SSL Proxy will use keys that support embedded 3rd party resources in file C:\Users\sembhyh\Documents\Projects\CVL-Zenith\Zenith\Performance Testing\apache-jmeter-5.1.1\apache-jmeter-5.1.1\bin\proxyserver.jks
2020-03-12 11:56:09,892 INFO o.a.j.s.FileServer: Default base='C:\Users\sembhyh\Documents\Projects\CVL-Zenith\Zenith\Performance Testing\apache-jmeter-5.1.1\apache-jmeter-5.1.1\bin'
2020-03-12 11:56:10,680 INFO o.a.j.s.SampleResult: Note: Sample TimeStamps are START times
2020-03-12 11:56:10,680 INFO o.a.j.s.SampleResult: sampleresult.default.encoding is set to ISO-8859-1
2020-03-12 11:56:10,681 INFO o.a.j.s.SampleResult: sampleresult.useNanoTime=true
2020-03-12 11:56:10,681 INFO o.a.j.s.SampleResult: sampleresult.nanoThreadSleep=5000
2020-03-12 11:56:10,707 INFO o.a.j.v.ViewResultsFullVisualizer: Add JavaFX to your Java installation if you want to use renderer: org.apache.jmeter.visualizers.RenderInBrowser
2020-03-12 11:56:19,022 INFO o.a.j.g.a.Load: Loading file: C:\Users\sembhyh\Documents\Projects\CVL-Zenith\Zenith\Performance Testing\Basic_UI_CompletedPage_Sort.jmx
2020-03-12 11:56:19,022 INFO o.a.j.s.FileServer: Set new base='C:\Users\sembhyh\Documents\Projects\CVL-Zenith\Zenith\Performance Testing'
2020-03-12 11:56:19,134 INFO o.a.j.s.SaveService: Testplan (JMX) version: 2.2. Testlog (JTL) version: 2.2
2020-03-12 11:56:19,146 INFO o.a.j.s.SaveService: Using SaveService properties version 5.0
2020-03-12 11:56:19,147 INFO o.a.j.s.SaveService: Using SaveService properties file encoding UTF-8
2020-03-12 11:56:19,148 INFO o.a.j.s.SaveService: Loading file: C:\Users\sembhyh\Documents\Projects\CVL-Zenith\Zenith\Performance Testing\Basic_UI_CompletedPage_Sort.jmx
2020-03-12 11:56:19,272 INFO o.a.j.v.ViewResultsFullVisualizer: Add JavaFX to your Java installation if you want to use renderer: org.apache.jmeter.visualizers.RenderInBrowser
2020-03-12 11:56:19,310 INFO o.a.j.s.FileServer: Set new base='C:\Users\sembhyh\Documents\Projects\CVL-Zenith\Zenith\Performance Testing'
2020-03-12 11:57:25,271 INFO o.a.j.v.ViewResultsFullVisualizer: Add JavaFX to your Java installation if you want to use renderer: org.apache.jmeter.visualizers.RenderInBrowser
